<?xml version="1.0" encoding="UTF-8"?>
<!-- Generated by org.testng.reporters.JUnitXMLReporter -->
<testsuite ignored="0" hostname="NAVNEET" failures="1" tests="2" name="Error Validation Test" time="137.148" errors="0" timestamp="2023-02-25T12:58:07 IST">
  <testcase classname="rahulshettyacademy.tests.ErrorValidationsTest" name="LoginErrorValidation" time="1.002">
    <failure type="java.lang.AssertionError" message="expected [Login Successfully] but found [Incorrect email or password.]">
      <![CDATA[java.lang.AssertionError: expected [Login Successfully] but found [Incorrect email or password.]
at rahulshettyacademy.tests.ErrorValidationsTest.LoginErrorValidation(ErrorValidationsTest.java:22)
at java.base/java.util.ArrayList.forEach(Unknown Source)
at java.base/java.util.concurrent.FutureTask.run(Unknown Source)
at java.base/java.util.concurrent.ThreadPoolExecutor.runWorker(Unknown Source)
at java.base/java.util.concurrent.ThreadPoolExecutor$Worker.run(Unknown Source)
at java.base/java.lang.Thread.run(Unknown Source)
... Removed 23 stack frames]]>
    </failure>
  </testcase> <!-- LoginErrorValidation -->
  <testcase classname="rahulshettyacademy.tests.ErrorValidationsTest" name="ProductErrorValidation" time="2.83"/>
</testsuite> <!-- Error Validation Test -->
